<?xml version="1.0" encoding="UTF-8"?>
<!-- Generated by org.testng.reporters.JUnitReportReporter -->
<testsuite hostname="rmahavenkat" failures="2" tests="138" name="dsAlgo_Runner.TestRunner" time="100.970" errors="0" timestamp="2025-04-15T15:06:49 CDT" skipped="0">
  <testcase classname="dsAlgo_Runner.TestRunner" name="runScenario" time="0.367"/>
  <testcase classname="dsAlgo_Runner.TestRunner" name="runScenario" time="0.860"/>
  <testcase classname="dsAlgo_Runner.TestRunner" name="runScenario" time="0.056"/>
  <testcase classname="dsAlgo_Runner.TestRunner" name="runScenario" time="0.056"/>
  <testcase classname="dsAlgo_Runner.TestRunner" name="runScenario" time="1.143"/>
  <testcase classname="dsAlgo_Runner.TestRunner" name="runScenario" time="0.880"/>
  <testcase classname="dsAlgo_Runner.TestRunner" name="runScenario" time="1.471">
    <failure message="expected [Invalid password] but found [password_mismatch:The two password fields didn’t match.]" type="java.lang.AssertionError">
      <![CDATA[java.lang.AssertionError: expected [Invalid password] but found [password_mismatch:The two password fields didn’t match.]
at org.testng.Assert.fail(Assert.java:111)
at org.testng.Assert.failNotEquals(Assert.java:1590)
at org.testng.Assert.assertEqualsImpl(Assert.java:150)
at org.testng.Assert.assertEquals(Assert.java:132)
at org.testng.Assert.assertEquals(Assert.java:656)
at org.testng.Assert.assertEquals(Assert.java:666)
at org.testng.asserts.Assertion$11.doAssert(Assertion.java:186)
at org.testng.asserts.Assertion.executeAssert(Assertion.java:25)
at org.testng.asserts.Assertion.doAssert(Assertion.java:12)
at org.testng.asserts.Assertion.assertEquals(Assertion.java:182)
at dsAlgo_stepDefinition.Register_SD.the_user_is_not_able_to_see_error_msg_after_entering_invalid_password(Register_SD.java:127)
at ✽.The user is not able to see error msg after entering invalid password(file:///C:/DSALgo_ProjectCompass_BDD/src/test/resources/dsAlgo_FeatureFiles/MD02_Register.feature:44)
]]>
    </failure>
  </testcase> <!-- runScenario -->
  <testcase classname="dsAlgo_Runner.TestRunner" name="runScenario" time="0.891"/>
  <testcase classname="dsAlgo_Runner.TestRunner" name="runScenario" time="2.809"/>
  <testcase classname="dsAlgo_Runner.TestRunner" name="runScenario" time="0.962"/>
  <testcase classname="dsAlgo_Runner.TestRunner" name="runScenario" time="1.232"/>
  <testcase classname="dsAlgo_Runner.TestRunner" name="runScenario" time="0.412"/>
  <testcase classname="dsAlgo_Runner.TestRunner" name="runScenario" time="0.068"/>
  <testcase classname="dsAlgo_Runner.TestRunner" name="runScenario" time="0.075"/>
  <testcase classname="dsAlgo_Runner.TestRunner" name="runScenario" time="0.214"/>
  <testcase classname="dsAlgo_Runner.TestRunner" name="runScenario" time="0.451"/>
  <testcase classname="dsAlgo_Runner.TestRunner" name="runScenario" time="0.871"/>
  <testcase classname="dsAlgo_Runner.TestRunner" name="runScenario" time="1.011"/>
  <testcase classname="dsAlgo_Runner.TestRunner" name="runScenario" time="0.771"/>
  <testcase classname="dsAlgo_Runner.TestRunner" name="runScenario" time="0.667"/>
  <testcase classname="dsAlgo_Runner.TestRunner" name="runScenario" time="0.833"/>
  <testcase classname="dsAlgo_Runner.TestRunner" name="runScenario" time="0.192"/>
  <testcase classname="dsAlgo_Runner.TestRunner" name="runScenario" time="0.472"/>
  <testcase classname="dsAlgo_Runner.TestRunner" name="runScenario" time="0.458"/>
  <testcase classname="dsAlgo_Runner.TestRunner" name="runScenario" time="0.470"/>
  <testcase classname="dsAlgo_Runner.TestRunner" name="runScenario" time="0.597"/>
  <testcase classname="dsAlgo_Runner.TestRunner" name="runScenario" time="1.281"/>
  <testcase classname="dsAlgo_Runner.TestRunner" name="runScenario" time="0.677"/>
  <testcase classname="dsAlgo_Runner.TestRunner" name="runScenario" time="0.886"/>
  <testcase classname="dsAlgo_Runner.TestRunner" name="runScenario" time="1.252"/>
  <testcase classname="dsAlgo_Runner.TestRunner" name="runScenario" time="0.976"/>
  <testcase classname="dsAlgo_Runner.TestRunner" name="runScenario" time="1.132"/>
  <testcase classname="dsAlgo_Runner.TestRunner" name="runScenario" time="0.818"/>
  <testcase classname="dsAlgo_Runner.TestRunner" name="runScenario" time="0.208"/>
  <testcase classname="dsAlgo_Runner.TestRunner" name="runScenario" time="0.156"/>
  <testcase classname="dsAlgo_Runner.TestRunner" name="runScenario" time="0.586"/>
  <testcase classname="dsAlgo_Runner.TestRunner" name="runScenario" time="0.072"/>
  <testcase classname="dsAlgo_Runner.TestRunner" name="runScenario" time="0.428"/>
  <testcase classname="dsAlgo_Runner.TestRunner" name="runScenario" time="0.051"/>
  <testcase classname="dsAlgo_Runner.TestRunner" name="runScenario" time="0.063"/>
  <testcase classname="dsAlgo_Runner.TestRunner" name="runScenario" time="1.117"/>
  <testcase classname="dsAlgo_Runner.TestRunner" name="runScenario" time="1.235"/>
  <testcase classname="dsAlgo_Runner.TestRunner" name="runScenario" time="1.087"/>
  <testcase classname="dsAlgo_Runner.TestRunner" name="runScenario" time="0.608"/>
  <testcase classname="dsAlgo_Runner.TestRunner" name="runScenario" time="0.675"/>
  <testcase classname="dsAlgo_Runner.TestRunner" name="runScenario" time="0.958"/>
  <testcase classname="dsAlgo_Runner.TestRunner" name="runScenario" time="0.543"/>
  <testcase classname="dsAlgo_Runner.TestRunner" name="runScenario" time="0.899"/>
  <testcase classname="dsAlgo_Runner.TestRunner" name="runScenario" time="0.309"/>
  <testcase classname="dsAlgo_Runner.TestRunner" name="runScenario" time="0.369"/>
  <testcase classname="dsAlgo_Runner.TestRunner" name="runScenario" time="0.191"/>
  <testcase classname="dsAlgo_Runner.TestRunner" name="runScenario" time="0.933"/>
  <testcase classname="dsAlgo_Runner.TestRunner" name="runScenario" time="0.853"/>
  <testcase classname="dsAlgo_Runner.TestRunner" name="runScenario" time="0.984"/>
  <testcase classname="dsAlgo_Runner.TestRunner" name="runScenario" time="0.780"/>
  <testcase classname="dsAlgo_Runner.TestRunner" name="runScenario" time="1.187"/>
  <testcase classname="dsAlgo_Runner.TestRunner" name="runScenario" time="0.497"/>
  <testcase classname="dsAlgo_Runner.TestRunner" name="runScenario" time="0.213"/>
  <testcase classname="dsAlgo_Runner.TestRunner" name="runScenario" time="0.060"/>
  <testcase classname="dsAlgo_Runner.TestRunner" name="runScenario" time="0.938"/>
  <testcase classname="dsAlgo_Runner.TestRunner" name="runScenario" time="0.226"/>
  <testcase classname="dsAlgo_Runner.TestRunner" name="runScenario" time="0.081"/>
  <testcase classname="dsAlgo_Runner.TestRunner" name="runScenario" time="0.556"/>
  <testcase classname="dsAlgo_Runner.TestRunner" name="runScenario" time="0.991"/>
  <testcase classname="dsAlgo_Runner.TestRunner" name="runScenario" time="1.201"/>
  <testcase classname="dsAlgo_Runner.TestRunner" name="runScenario" time="0.850"/>
  <testcase classname="dsAlgo_Runner.TestRunner" name="runScenario" time="0.913"/>
  <testcase classname="dsAlgo_Runner.TestRunner" name="runScenario" time="1.179"/>
  <testcase classname="dsAlgo_Runner.TestRunner" name="runScenario" time="0.607"/>
  <testcase classname="dsAlgo_Runner.TestRunner" name="runScenario" time="0.946"/>
  <testcase classname="dsAlgo_Runner.TestRunner" name="runScenario" time="0.634"/>
  <testcase classname="dsAlgo_Runner.TestRunner" name="runScenario" time="0.862"/>
  <testcase classname="dsAlgo_Runner.TestRunner" name="runScenario" time="0.216"/>
  <testcase classname="dsAlgo_Runner.TestRunner" name="runScenario" time="0.207"/>
  <testcase classname="dsAlgo_Runner.TestRunner" name="runScenario" time="0.052"/>
  <testcase classname="dsAlgo_Runner.TestRunner" name="runScenario" time="0.921"/>
  <testcase classname="dsAlgo_Runner.TestRunner" name="runScenario" time="0.192"/>
  <testcase classname="dsAlgo_Runner.TestRunner" name="runScenario" time="0.989"/>
  <testcase classname="dsAlgo_Runner.TestRunner" name="runScenario" time="0.783"/>
  <testcase classname="dsAlgo_Runner.TestRunner" name="runScenario" time="0.893"/>
  <testcase classname="dsAlgo_Runner.TestRunner" name="runScenario" time="0.833"/>
  <testcase classname="dsAlgo_Runner.TestRunner" name="runScenario" time="0.481"/>
  <testcase classname="dsAlgo_Runner.TestRunner" name="runScenario" time="0.806"/>
  <testcase classname="dsAlgo_Runner.TestRunner" name="runScenario" time="0.742"/>
  <testcase classname="dsAlgo_Runner.TestRunner" name="runScenario" time="0.791"/>
  <testcase classname="dsAlgo_Runner.TestRunner" name="runScenario" time="1.269"/>
  <testcase classname="dsAlgo_Runner.TestRunner" name="runScenario" time="0.843"/>
  <testcase classname="dsAlgo_Runner.TestRunner" name="runScenario" time="0.648"/>
  <testcase classname="dsAlgo_Runner.TestRunner" name="runScenario" time="1.914">
    <failure message="expected [Invalid username] but found [password_mismatch:The two password fields didn’t match.]" type="java.lang.AssertionError">
      <![CDATA[java.lang.AssertionError: expected [Invalid username] but found [password_mismatch:The two password fields didn’t match.]
at org.testng.Assert.fail(Assert.java:111)
at org.testng.Assert.failNotEquals(Assert.java:1590)
at org.testng.Assert.assertEqualsImpl(Assert.java:150)
at org.testng.Assert.assertEquals(Assert.java:132)
at org.testng.Assert.assertEquals(Assert.java:656)
at org.testng.Assert.assertEquals(Assert.java:666)
at org.testng.asserts.Assertion$11.doAssert(Assertion.java:186)
at org.testng.asserts.Assertion.executeAssert(Assertion.java:25)
at org.testng.asserts.Assertion.doAssert(Assertion.java:12)
at org.testng.asserts.Assertion.assertEquals(Assertion.java:182)
at dsAlgo_stepDefinition.Register_SD.the_user_is_not_able_to_see_error_msg_after_entering_invalid_data(Register_SD.java:107)
at ✽.The user is not able to see error msg after entering invalid data(file:///C:/DSALgo_ProjectCompass_BDD/src/test/resources/dsAlgo_FeatureFiles/MD02_Register.feature:37)
]]>
    </failure>
  </testcase> <!-- runScenario -->
  <testcase classname="dsAlgo_Runner.TestRunner" name="runScenario" time="0.496"/>
  <testcase classname="dsAlgo_Runner.TestRunner" name="runScenario" time="0.279"/>
  <testcase classname="dsAlgo_Runner.TestRunner" name="runScenario" time="1.209"/>
  <testcase classname="dsAlgo_Runner.TestRunner" name="runScenario" time="0.828"/>
  <testcase classname="dsAlgo_Runner.TestRunner" name="runScenario" time="1.761"/>
  <testcase classname="dsAlgo_Runner.TestRunner" name="runScenario" time="0.560"/>
  <testcase classname="dsAlgo_Runner.TestRunner" name="runScenario" time="1.021"/>
  <testcase classname="dsAlgo_Runner.TestRunner" name="runScenario" time="0.053"/>
  <testcase classname="dsAlgo_Runner.TestRunner" name="runScenario" time="0.223"/>
  <testcase classname="dsAlgo_Runner.TestRunner" name="runScenario" time="0.829"/>
  <testcase classname="dsAlgo_Runner.TestRunner" name="runScenario" time="0.935"/>
  <testcase classname="dsAlgo_Runner.TestRunner" name="runScenario" time="0.443"/>
  <testcase classname="dsAlgo_Runner.TestRunner" name="runScenario" time="0.195"/>
  <testcase classname="dsAlgo_Runner.TestRunner" name="runScenario" time="0.924"/>
  <testcase classname="dsAlgo_Runner.TestRunner" name="runScenario" time="0.798"/>
  <testcase classname="dsAlgo_Runner.TestRunner" name="runScenario" time="0.736"/>
  <testcase classname="dsAlgo_Runner.TestRunner" name="runScenario" time="0.175"/>
  <testcase classname="dsAlgo_Runner.TestRunner" name="runScenario" time="0.891"/>
  <testcase classname="dsAlgo_Runner.TestRunner" name="runScenario" time="1.006"/>
  <testcase classname="dsAlgo_Runner.TestRunner" name="runScenario" time="0.891"/>
  <testcase classname="dsAlgo_Runner.TestRunner" name="runScenario" time="1.183"/>
  <testcase classname="dsAlgo_Runner.TestRunner" name="runScenario" time="1.235"/>
  <testcase classname="dsAlgo_Runner.TestRunner" name="runScenario" time="0.202"/>
  <testcase classname="dsAlgo_Runner.TestRunner" name="runScenario" time="0.785"/>
  <testcase classname="dsAlgo_Runner.TestRunner" name="runScenario" time="0.211"/>
  <testcase classname="dsAlgo_Runner.TestRunner" name="runScenario" time="1.751"/>
  <testcase classname="dsAlgo_Runner.TestRunner" name="runScenario" time="1.200"/>
  <testcase classname="dsAlgo_Runner.TestRunner" name="runScenario" time="0.466"/>
  <testcase classname="dsAlgo_Runner.TestRunner" name="runScenario" time="0.064"/>
  <testcase classname="dsAlgo_Runner.TestRunner" name="runScenario" time="1.250"/>
  <testcase classname="dsAlgo_Runner.TestRunner" name="runScenario" time="0.560"/>
  <testcase classname="dsAlgo_Runner.TestRunner" name="runScenario" time="0.472"/>
  <testcase classname="dsAlgo_Runner.TestRunner" name="runScenario" time="0.737"/>
  <testcase classname="dsAlgo_Runner.TestRunner" name="runScenario" time="0.914"/>
  <testcase classname="dsAlgo_Runner.TestRunner" name="runScenario" time="0.962"/>
  <testcase classname="dsAlgo_Runner.TestRunner" name="runScenario" time="0.852"/>
  <testcase classname="dsAlgo_Runner.TestRunner" name="runScenario" time="1.212"/>
  <testcase classname="dsAlgo_Runner.TestRunner" name="runScenario" time="0.837"/>
  <testcase classname="dsAlgo_Runner.TestRunner" name="runScenario" time="0.763"/>
  <testcase classname="dsAlgo_Runner.TestRunner" name="runScenario" time="1.257"/>
  <testcase classname="dsAlgo_Runner.TestRunner" name="runScenario" time="0.881"/>
  <testcase classname="dsAlgo_Runner.TestRunner" name="runScenario" time="0.556"/>
  <testcase classname="dsAlgo_Runner.TestRunner" name="runScenario" time="0.629"/>
  <testcase classname="dsAlgo_Runner.TestRunner" name="runScenario" time="0.208"/>
  <testcase classname="dsAlgo_Runner.TestRunner" name="runScenario" time="0.752"/>
  <testcase classname="dsAlgo_Runner.TestRunner" name="runScenario" time="0.217"/>
  <testcase classname="dsAlgo_Runner.TestRunner" name="runScenario" time="0.450"/>
  <testcase classname="dsAlgo_Runner.TestRunner" name="runScenario" time="2.128"/>
  <testcase classname="dsAlgo_Runner.TestRunner" name="runScenario" time="1.046"/>
</testsuite> <!-- dsAlgo_Runner.TestRunner -->
